#
# There is insufficient memory for the Java Runtime Environment to continue.
# Native memory allocation (malloc) failed to allocate 32784 bytes. Error detail: Chunk::new
# Possible reasons:
#   The system is out of physical RAM or swap space
#   This process is running with CompressedOops enabled, and the Java Heap may be blocking the growth of the native heap
# Possible solutions:
#   Reduce memory load on the system
#   Increase physical memory or swap space
#   Check if swap backing store is full
#   Decrease Java heap size (-Xmx/-Xms)
#   Decrease number of Java threads
#   Decrease Java thread stack sizes (-Xss)
#   Set larger code cache with -XX:ReservedCodeCacheSize=
#   JVM is running with Unscaled Compressed Oops mode in which the Java heap is
#     placed in the first 4GB address space. The Java Heap base address is the
#     maximum limit for the native heap growth. Please use -XX:HeapBaseMinAddress
#     to set the Java Heap base and to place the Java Heap above 4GB virtual address.
# This output file may be truncated or incomplete.
#
#  Out of Memory Error (arena.cpp:149), pid=3452, tid=5804
#
# JRE version: OpenJDK Runtime Environment (23.0.1+11) (build 23.0.1+11-39)
# Java VM: OpenJDK 64-Bit Server VM (23.0.1+11-39, mixed mode, sharing, tiered, compressed oops, compressed class ptrs, g1 gc, windows-amd64)
# No core dump will be written. Minidumps are not enabled by default on client versions of Windows
#

---------------  S U M M A R Y ------------

Command Line: --module-path=C:\javafx-sdk-23.0.1\lib --add-modules=javafx.controls,javafx.fxml -javaagent:F:\IntelliJ IDEA 2024.2.4\lib\idea_rt.jar=58501 -Dfile.encoding=UTF-8 -Dsun.stdout.encoding=UTF-8 -Dsun.stderr.encoding=UTF-8 com.example.vehicle_parking.JavaFxApp

Host: 11th Gen Intel(R) Core(TM) i3-1115G4 @ 3.00GHz, 4 cores, 7G,  Windows 11 , 64 bit Build 26100 (10.0.26100.3775)
Time: Wed Apr 16 22:28:52 2025 Sri Lanka Standard Time elapsed time: 97.337114 seconds (0d 0h 1m 37s)

---------------  T H R E A D  ---------------

Current thread (0x000001b076df2c70):  JavaThread "C2 CompilerThread0" daemon [_thread_in_native, id=5804, stack(0x00000063ee800000,0x00000063ee900000) (1024K)]


Current CompileTask:
C2:97337 4634   !   4       com.sun.javafx.css.StyleManager::getCacheContainer (152 bytes)

Stack: [0x00000063ee800000,0x00000063ee900000]
Native frames: (J=compiled Java code, j=interpreted, Vv=VM code, C=native code)
V  [jvm.dll+0x6e08b9]  (no source info available)
V  [jvm.dll+0x87dc83]  (no source info available)
V  [jvm.dll+0x88010e]  (no source info available)
V  [jvm.dll+0x8807e3]  (no source info available)
V  [jvm.dll+0x27aee6]  (no source info available)
V  [jvm.dll+0xbc06f]  (no source info available)
V  [jvm.dll+0xbc45b]  (no source info available)
V  [jvm.dll+0xbbf1b]  (no source info available)
V  [jvm.dll+0x6bc93c]  (no source info available)
V  [jvm.dll+0x666fe1]  (no source info available)
V  [jvm.dll+0x66cb75]  (no source info available)
V  [jvm.dll+0x66daf9]  (no source info available)
V  [jvm.dll+0x66bb55]  (no source info available)
V  [jvm.dll+0x2448d7]  (no source info available)
V  [jvm.dll+0x243dff]  (no source info available)
V  [jvm.dll+0x1c33a0]  (no source info available)
V  [jvm.dll+0x253cf1]  (no source info available)
V  [jvm.dll+0x251faa]  (no source info available)
V  [jvm.dll+0x3ee036]  (no source info available)
V  [jvm.dll+0x824f8b]  (no source info available)
V  [jvm.dll+0x6df065]  (no source info available)
C  [ucrtbase.dll+0x37b0]  (no source info available)
C  [KERNEL32.DLL+0x2e8d7]  (no source info available)
C  [ntdll.dll+0xb14fc]  (no source info available)

Lock stack of current Java thread (top to bottom):


---------------  P R O C E S S  ---------------

Threads class SMR info:
_java_thread_list=0x000001b056adfe40, length=24, elements={
0x000001b06798f7b0, 0x000001b076de8d20, 0x000001b076de9870, 0x000001b076deeb90,
0x000001b076def6e0, 0x000001b076df09d0, 0x000001b076df1650, 0x000001b076df2c70,
0x000001b076df9720, 0x000001b0540ecb70, 0x000001b0543ee290, 0x000001b0544df760,
0x000001b056279940, 0x000001b0545ca9a0, 0x000001b054c00860, 0x000001b054ac0220,
0x000001b05572cc30, 0x000001b054e9a610, 0x000001b055b83de0, 0x000001b055b85820,
0x000001b055b84470, 0x000001b055b84b00, 0x000001b055b85190, 0x000001b054209810
}

Java Threads: ( => current thread )
  0x000001b06798f7b0 JavaThread "main"                              [_thread_blocked, id=13320, stack(0x00000063eda00000,0x00000063edb00000) (1024K)]
  0x000001b076de8d20 JavaThread "Reference Handler"          daemon [_thread_blocked, id=2612, stack(0x00000063ee200000,0x00000063ee300000) (1024K)]
  0x000001b076de9870 JavaThread "Finalizer"                  daemon [_thread_blocked, id=4460, stack(0x00000063ee300000,0x00000063ee400000) (1024K)]
  0x000001b076deeb90 JavaThread "Signal Dispatcher"          daemon [_thread_blocked, id=12232, stack(0x00000063ee400000,0x00000063ee500000) (1024K)]
  0x000001b076def6e0 JavaThread "Attach Listener"            daemon [_thread_blocked, id=3524, stack(0x00000063ee500000,0x00000063ee600000) (1024K)]
  0x000001b076df09d0 JavaThread "Service Thread"             daemon [_thread_blocked, id=3616, stack(0x00000063ee600000,0x00000063ee700000) (1024K)]
  0x000001b076df1650 JavaThread "Monitor Deflation Thread"   daemon [_thread_blocked, id=7912, stack(0x00000063ee700000,0x00000063ee800000) (1024K)]
=>0x000001b076df2c70 JavaThread "C2 CompilerThread0"         daemon [_thread_in_native, id=5804, stack(0x00000063ee800000,0x00000063ee900000) (1024K)]
  0x000001b076df9720 JavaThread "C1 CompilerThread0"         daemon [_thread_in_native, id=6360, stack(0x00000063ee900000,0x00000063eea00000) (1024K)]
  0x000001b0540ecb70 JavaThread "Common-Cleaner"             daemon [_thread_blocked, id=7388, stack(0x00000063eea00000,0x00000063eeb00000) (1024K)]
  0x000001b0543ee290 JavaThread "Monitor Ctrl-Break"         daemon [_thread_in_native, id=8464, stack(0x00000063eec00000,0x00000063eed00000) (1024K)]
  0x000001b0544df760 JavaThread "Notification Thread"        daemon [_thread_blocked, id=11496, stack(0x00000063eed00000,0x00000063eee00000) (1024K)]
  0x000001b056279940 JavaThread "QuantumRenderer-0"          daemon [_thread_blocked, id=13816, stack(0x00000063ef100000,0x00000063ef200000) (1024K)]
  0x000001b0545ca9a0 JavaThread "RMI TCP Accept-0"           daemon [_thread_in_native, id=9824, stack(0x00000063ef200000,0x00000063ef300000) (1024K)]
  0x000001b054c00860 JavaThread "InvokeLaterDispatcher"      daemon [_thread_blocked, id=2792, stack(0x00000063ef300000,0x00000063ef400000) (1024K)]
  0x000001b054ac0220 JavaThread "JavaFX Application Thread"         [_thread_in_native, id=13136, stack(0x00000063ef400000,0x00000063ef500000) (1024K)]
  0x000001b05572cc30 JavaThread "RMI TCP Connection(1)-192.168.108.129" daemon [_thread_in_native, id=2216, stack(0x00000063ef500000,0x00000063ef600000) (1024K)]
  0x000001b054e9a610 JavaThread "RMI Scheduler(0)"           daemon [_thread_blocked, id=4104, stack(0x00000063ef600000,0x00000063ef700000) (1024K)]
  0x000001b055b83de0 JavaThread "JMX server connection timeout 32" daemon [_thread_blocked, id=9860, stack(0x00000063ef700000,0x00000063ef800000) (1024K)]
  0x000001b055b85820 JavaThread "JavaFX-Launcher"                   [_thread_blocked, id=7404, stack(0x00000063efc00000,0x00000063efd00000) (1024K)]
  0x000001b055b84470 JavaThread "Thread-2"                   daemon [_thread_in_native, id=12788, stack(0x00000063efb00000,0x00000063efc00000) (1024K)]
  0x000001b055b84b00 JavaThread "Prism Font Disposer"        daemon [_thread_blocked, id=14924, stack(0x00000063f0000000,0x00000063f0100000) (1024K)]
  0x000001b055b85190 JavaThread "Cleaner-0"                  daemon [_thread_blocked, id=2096, stack(0x00000063f0100000,0x00000063f0200000) (1024K)]
  0x000001b054209810 JavaThread "C2 CompilerThread1"         daemon [_thread_in_native, id=5328, stack(0x00000063ed700000,0x00000063ed800000) (1024K)]
Total: 24

Other Threads:
  0x000001b076dd18d0 VMThread "VM Thread"                           [id=12972, stack(0x00000063ee100000,0x00000063ee200000) (1024K)]
  0x000001b076dbdee0 WatcherThread "VM Periodic Task Thread"        [id=9784, stack(0x00000063ee000000,0x00000063ee100000) (1024K)]
  0x000001b069c928b0 WorkerThread "GC Thread#0"                     [id=7968, stack(0x00000063edb00000,0x00000063edc00000) (1024K)]
  0x000001b05480dac0 WorkerThread "GC Thread#1"                     [id=11348, stack(0x00000063eee00000,0x00000063eef00000) (1024K)]
  0x000001b054f4a0c0 WorkerThread "GC Thread#2"                     [id=10592, stack(0x00000063eef00000,0x00000063ef000000) (1024K)]
  0x000001b0557be800 WorkerThread "GC Thread#3"                     [id=10236, stack(0x00000063ef000000,0x00000063ef100000) (1024K)]
  0x000001b069ca3e90 ConcurrentGCThread "G1 Main Marker"            [id=13936, stack(0x00000063edc00000,0x00000063edd00000) (1024K)]
  0x000001b069ca49a0 WorkerThread "G1 Conc#0"                       [id=11828, stack(0x00000063edd00000,0x00000063ede00000) (1024K)]
  0x000001b076c86400 ConcurrentGCThread "G1 Refine#0"               [id=6012, stack(0x00000063ede00000,0x00000063edf00000) (1024K)]
  0x000001b069ced5a0 ConcurrentGCThread "G1 Service"                [id=12628, stack(0x00000063edf00000,0x00000063ee000000) (1024K)]
Total: 10

Threads with active compile tasks:
C2 CompilerThread0  97418 4634   !   4       com.sun.javafx.css.StyleManager::getCacheContainer (152 bytes)
C1 CompilerThread0  97418 4646   !   3       java.util.concurrent.locks.AbstractQueuedSynchronizer$ConditionObject::newConditionNode (78 bytes)
C2 CompilerThread1  97418 4635       4       com.sun.javafx.css.ParsedValueImpl::containsFontRelativeSize (231 bytes)
Total: 3

VM state: not at safepoint (normal execution)

VM Mutex/Monitor currently owned by a thread: None

Heap address: 0x0000000084c00000, size: 1972 MB, Compressed Oops mode: 32-bit

CDS archive(s) mapped at: [0x000001b00f000000-0x000001b00fd70000-0x000001b00fd70000), size 14090240, SharedBaseAddress: 0x000001b00f000000, ArchiveRelocationMode: 1.
Compressed class space mapped at: 0x000001b010000000-0x000001b050000000, reserved size: 1073741824
Narrow klass base: 0x000001b00f000000, Narrow klass shift: 0, Narrow klass range: 0x41000000

GC Precious Log:
 CardTable entry size: 512
 Card Set container configuration: InlinePtr #cards 5 size 8 Array Of Cards #cards 10 size 36 Howl #buckets 4 coarsen threshold 1843 Howl Bitmap #cards 512 size 80 coarsen threshold 460 Card regions per heap region 1 cards per card region 2048
 CPUs: 4 total, 4 available
 Memory: 7886M
 Large Page Support: Disabled
 NUMA Support: Disabled
 Compressed Oops: Enabled (32-bit)
 Heap Region Size: 1M
 Heap Min Capacity: 8M
 Heap Initial Capacity: 124M
 Heap Max Capacity: 1972M
 Pre-touch: Disabled
 Parallel Workers: 4
 Concurrent Workers: 1
 Concurrent Refinement Workers: 4
 Periodic GC: Disabled

Heap:
 garbage-first heap   total reserved 2019328K, committed 119808K, used 49438K [0x0000000084c00000, 0x0000000100000000)
  region size 1024K, 20 young (20480K), 5 survivors (5120K)
 Metaspace       used 23464K, committed 23936K, reserved 1114112K
  class space    used 3394K, committed 3584K, reserved 1048576K

Heap Regions: E=young(eden), S=young(survivor), O=old, HS=humongous(starts), HC=humongous(continues), CS=collection set, F=free, TAMS=top-at-mark-start, PB=parsable bottom
|   0|0x0000000084c00000, 0x0000000084d00000, 0x0000000084d00000|100%|HS|  |TAMS 0x0000000084c00000| PB 0x0000000084c00000| Complete |  0
|   1|0x0000000084d00000, 0x0000000084e00000, 0x0000000084e00000|100%|HS|  |TAMS 0x0000000084d00000| PB 0x0000000084d00000| Complete |  0
|   2|0x0000000084e00000, 0x0000000084f00000, 0x0000000084f00000|100%| O|  |TAMS 0x0000000084e00000| PB 0x0000000084e00000| Untracked |  0
|   3|0x0000000084f00000, 0x0000000085000000, 0x0000000085000000|100%| O|  |TAMS 0x0000000084f00000| PB 0x0000000084f00000| Untracked |  0
|   4|0x0000000085000000, 0x0000000085100000, 0x0000000085100000|100%| O|  |TAMS 0x0000000085000000| PB 0x0000000085000000| Untracked |  0
|   5|0x0000000085100000, 0x0000000085200000, 0x0000000085200000|100%| O|  |TAMS 0x0000000085100000| PB 0x0000000085100000| Untracked |  0
|   6|0x0000000085200000, 0x0000000085300000, 0x0000000085300000|100%| O|Cm|TAMS 0x0000000085200000| PB 0x0000000085200000| Complete |  0
|   7|0x0000000085300000, 0x0000000085400000, 0x0000000085400000|100%| O|  |TAMS 0x0000000085300000| PB 0x0000000085300000| Untracked |  0
|   8|0x0000000085400000, 0x0000000085500000, 0x0000000085500000|100%| O|  |TAMS 0x0000000085400000| PB 0x0000000085400000| Untracked |  0
|   9|0x0000000085500000, 0x0000000085600000, 0x0000000085600000|100%| O|  |TAMS 0x0000000085500000| PB 0x0000000085500000| Untracked |  0
|  10|0x0000000085600000, 0x0000000085700000, 0x0000000085700000|100%| O|  |TAMS 0x0000000085600000| PB 0x0000000085600000| Untracked |  0
|  11|0x0000000085700000, 0x0000000085800000, 0x0000000085800000|100%| O|  |TAMS 0x0000000085700000| PB 0x0000000085700000| Untracked |  0
|  12|0x0000000085800000, 0x0000000085900000, 0x0000000085900000|100%|HS|  |TAMS 0x0000000085800000| PB 0x0000000085800000| Complete |  0
|  13|0x0000000085900000, 0x0000000085a00000, 0x0000000085a00000|100%|HC|  |TAMS 0x0000000085900000| PB 0x0000000085900000| Complete |  0
|  14|0x0000000085a00000, 0x0000000085b00000, 0x0000000085b00000|100%|HS|  |TAMS 0x0000000085a00000| PB 0x0000000085a00000| Complete |  0
|  15|0x0000000085b00000, 0x0000000085c00000, 0x0000000085c00000|100%|HC|  |TAMS 0x0000000085b00000| PB 0x0000000085b00000| Complete |  0
|  16|0x0000000085c00000, 0x0000000085d00000, 0x0000000085d00000|100%|HS|  |TAMS 0x0000000085c00000| PB 0x0000000085c00000| Complete |  0
|  17|0x0000000085d00000, 0x0000000085e00000, 0x0000000085e00000|100%|HC|  |TAMS 0x0000000085d00000| PB 0x0000000085d00000| Complete |  0
|  18|0x0000000085e00000, 0x0000000085f00000, 0x0000000085f00000|100%|HS|  |TAMS 0x0000000085e00000| PB 0x0000000085e00000| Complete |  0
|  19|0x0000000085f00000, 0x0000000086000000, 0x0000000086000000|100%|HC|  |TAMS 0x0000000085f00000| PB 0x0000000085f00000| Complete |  0
|  20|0x0000000086000000, 0x0000000086100000, 0x0000000086100000|100%|HS|  |TAMS 0x0000000086000000| PB 0x0000000086000000| Complete |  0
|  21|0x0000000086100000, 0x0000000086200000, 0x0000000086200000|100%|HC|  |TAMS 0x0000000086100000| PB 0x0000000086100000| Complete |  0
|  22|0x0000000086200000, 0x0000000086300000, 0x0000000086300000|100%|HS|  |TAMS 0x0000000086200000| PB 0x0000000086200000| Complete |  0
|  23|0x0000000086300000, 0x0000000086400000, 0x0000000086400000|100%|HC|  |TAMS 0x0000000086300000| PB 0x0000000086300000| Complete |  0
|  24|0x0000000086400000, 0x0000000086500000, 0x0000000086500000|100%|HS|  |TAMS 0x0000000086400000| PB 0x0000000086400000| Complete |  0
|  25|0x0000000086500000, 0x0000000086600000, 0x0000000086600000|100%|HC|  |TAMS 0x0000000086500000| PB 0x0000000086500000| Complete |  0
|  26|0x0000000086600000, 0x0000000086700000, 0x0000000086700000|100%|HS|  |TAMS 0x0000000086600000| PB 0x0000000086600000| Complete |  0
|  27|0x0000000086700000, 0x0000000086800000, 0x0000000086800000|100%|HC|  |TAMS 0x0000000086700000| PB 0x0000000086700000| Complete |  0
|  28|0x0000000086800000, 0x0000000086900000, 0x0000000086900000|100%| O|  |TAMS 0x0000000086800000| PB 0x0000000086800000| Untracked |  0
|  29|0x0000000086900000, 0x0000000086962dd0, 0x0000000086a00000| 38%| O|  |TAMS 0x0000000086900000| PB 0x0000000086900000| Untracked |  0
|  30|0x0000000086a00000, 0x0000000086a00000, 0x0000000086b00000|  0%| F|  |TAMS 0x0000000086a00000| PB 0x0000000086a00000| Untracked |  0
|  31|0x0000000086b00000, 0x0000000086b00000, 0x0000000086c00000|  0%| F|  |TAMS 0x0000000086b00000| PB 0x0000000086b00000| Untracked |  0
|  32|0x0000000086c00000, 0x0000000086c00000, 0x0000000086d00000|  0%| F|  |TAMS 0x0000000086c00000| PB 0x0000000086c00000| Untracked |  0
|  33|0x0000000086d00000, 0x0000000086d00000, 0x0000000086e00000|  0%| F|  |TAMS 0x0000000086d00000| PB 0x0000000086d00000| Untracked |  0
|  34|0x0000000086e00000, 0x0000000086e00000, 0x0000000086f00000|  0%| F|  |TAMS 0x0000000086e00000| PB 0x0000000086e00000| Untracked |  0
|  35|0x0000000086f00000, 0x0000000086f00000, 0x0000000087000000|  0%| F|  |TAMS 0x0000000086f00000| PB 0x0000000086f00000| Untracked |  0
|  36|0x0000000087000000, 0x0000000087000000, 0x0000000087100000|  0%| F|  |TAMS 0x0000000087000000| PB 0x0000000087000000| Untracked |  0
|  37|0x0000000087100000, 0x0000000087100000, 0x0000000087200000|  0%| F|  |TAMS 0x0000000087100000| PB 0x0000000087100000| Untracked |  0
|  38|0x0000000087200000, 0x0000000087200000, 0x0000000087300000|  0%| F|  |TAMS 0x0000000087200000| PB 0x0000000087200000| Untracked |  0
|  39|0x0000000087300000, 0x0000000087300000, 0x0000000087400000|  0%| F|  |TAMS 0x0000000087300000| PB 0x0000000087300000| Untracked |  0
|  40|0x0000000087400000, 0x0000000087400000, 0x0000000087500000|  0%| F|  |TAMS 0x0000000087400000| PB 0x0000000087400000| Untracked |  0
|  41|0x0000000087500000, 0x0000000087500000, 0x0000000087600000|  0%| F|  |TAMS 0x0000000087500000| PB 0x0000000087500000| Untracked |  0
|  42|0x0000000087600000, 0x0000000087600000, 0x0000000087700000|  0%| F|  |TAMS 0x0000000087600000| PB 0x0000000087600000| Untracked |  0
|  43|0x0000000087700000, 0x0000000087700000, 0x0000000087800000|  0%| F|  |TAMS 0x0000000087700000| PB 0x0000000087700000| Untracked |  0
|  44|0x0000000087800000, 0x0000000087800000, 0x0000000087900000|  0%| F|  |TAMS 0x0000000087800000| PB 0x0000000087800000| Untracked |  0
|  45|0x0000000087900000, 0x0000000087900000, 0x0000000087a00000|  0%| F|  |TAMS 0x0000000087900000| PB 0x0000000087900000| Untracked |  0
|  46|0x0000000087a00000, 0x0000000087a00000, 0x0000000087b00000|  0%| F|  |TAMS 0x0000000087a00000| PB 0x0000000087a00000| Untracked |  0
|  47|0x0000000087b00000, 0x0000000087b00000, 0x0000000087c00000|  0%| F|  |TAMS 0x0000000087b00000| PB 0x0000000087b00000| Untracked |  0
|  48|0x0000000087c00000, 0x0000000087c00000, 0x0000000087d00000|  0%| F|  |TAMS 0x0000000087c00000| PB 0x0000000087c00000| Untracked |  0
|  49|0x0000000087d00000, 0x0000000087d00000, 0x0000000087e00000|  0%| F|  |TAMS 0x0000000087d00000| PB 0x0000000087d00000| Untracked |  0
|  50|0x0000000087e00000, 0x0000000087e00000, 0x0000000087f00000|  0%| F|  |TAMS 0x0000000087e00000| PB 0x0000000087e00000| Untracked |  0
|  51|0x0000000087f00000, 0x0000000087f00000, 0x0000000088000000|  0%| F|  |TAMS 0x0000000087f00000| PB 0x0000000087f00000| Untracked |  0
|  52|0x0000000088000000, 0x0000000088000000, 0x0000000088100000|  0%| F|  |TAMS 0x0000000088000000| PB 0x0000000088000000| Untracked |  0
|  53|0x0000000088100000, 0x0000000088100000, 0x0000000088200000|  0%| F|  |TAMS 0x0000000088100000| PB 0x0000000088100000| Untracked |  0
|  54|0x0000000088200000, 0x0000000088200000, 0x0000000088300000|  0%| F|  |TAMS 0x0000000088200000| PB 0x0000000088200000| Untracked |  0
|  55|0x0000000088300000, 0x0000000088300000, 0x0000000088400000|  0%| F|  |TAMS 0x0000000088300000| PB 0x0000000088300000| Untracked |  0
|  56|0x0000000088400000, 0x0000000088400000, 0x0000000088500000|  0%| F|  |TAMS 0x0000000088400000| PB 0x0000000088400000| Untracked |  0
|  57|0x0000000088500000, 0x0000000088500000, 0x0000000088600000|  0%| F|  |TAMS 0x0000000088500000| PB 0x0000000088500000| Untracked |  0
|  58|0x0000000088600000, 0x0000000088600000, 0x0000000088700000|  0%| F|  |TAMS 0x0000000088600000| PB 0x0000000088600000| Untracked |  0
|  59|0x0000000088700000, 0x0000000088700000, 0x0000000088800000|  0%| F|  |TAMS 0x0000000088700000| PB 0x0000000088700000| Untracked |  0
|  60|0x0000000088800000, 0x0000000088800000, 0x0000000088900000|  0%| F|  |TAMS 0x0000000088800000| PB 0x0000000088800000| Untracked |  0
|  61|0x0000000088900000, 0x0000000088900000, 0x0000000088a00000|  0%| F|  |TAMS 0x0000000088900000| PB 0x0000000088900000| Untracked |  0
|  62|0x0000000088a00000, 0x0000000088a00000, 0x0000000088b00000|  0%| F|  |TAMS 0x0000000088a00000| PB 0x0000000088a00000| Untracked |  0
|  63|0x0000000088b00000, 0x0000000088b00000, 0x0000000088c00000|  0%| F|  |TAMS 0x0000000088b00000| PB 0x0000000088b00000| Untracked |  0
|  64|0x0000000088c00000, 0x0000000088c00000, 0x0000000088d00000|  0%| F|  |TAMS 0x0000000088c00000| PB 0x0000000088c00000| Untracked |  0
|  65|0x0000000088d00000, 0x0000000088d00000, 0x0000000088e00000|  0%| F|  |TAMS 0x0000000088d00000| PB 0x0000000088d00000| Untracked |  0
|  66|0x0000000088e00000, 0x0000000088e00000, 0x0000000088f00000|  0%| F|  |TAMS 0x0000000088e00000| PB 0x0000000088e00000| Untracked |  0
|  67|0x0000000088f00000, 0x0000000088f00000, 0x0000000089000000|  0%| F|  |TAMS 0x0000000088f00000| PB 0x0000000088f00000| Untracked |  0
|  68|0x0000000089000000, 0x0000000089000000, 0x0000000089100000|  0%| F|  |TAMS 0x0000000089000000| PB 0x0000000089000000| Untracked |  0
|  69|0x0000000089100000, 0x0000000089100000, 0x0000000089200000|  0%| F|  |TAMS 0x0000000089100000| PB 0x0000000089100000| Untracked |  0
|  70|0x0000000089200000, 0x0000000089200000, 0x0000000089300000|  0%| F|  |TAMS 0x0000000089200000| PB 0x0000000089200000| Untracked |  0
|  71|0x0000000089300000, 0x0000000089300000, 0x0000000089400000|  0%| F|  |TAMS 0x0000000089300000| PB 0x0000000089300000| Untracked |  0
|  72|0x0000000089400000, 0x0000000089400000, 0x0000000089500000|  0%| F|  |TAMS 0x0000000089400000| PB 0x0000000089400000| Untracked |  0
|  73|0x0000000089500000, 0x0000000089500000, 0x0000000089600000|  0%| F|  |TAMS 0x0000000089500000| PB 0x0000000089500000| Untracked |  0
|  74|0x0000000089600000, 0x0000000089600000, 0x0000000089700000|  0%| F|  |TAMS 0x0000000089600000| PB 0x0000000089600000| Untracked |  0
|  75|0x0000000089700000, 0x0000000089700000, 0x0000000089800000|  0%| F|  |TAMS 0x0000000089700000| PB 0x0000000089700000| Untracked |  0
|  76|0x0000000089800000, 0x0000000089800000, 0x0000000089900000|  0%| F|  |TAMS 0x0000000089800000| PB 0x0000000089800000| Untracked |  0
|  77|0x0000000089900000, 0x0000000089900000, 0x0000000089a00000|  0%| F|  |TAMS 0x0000000089900000| PB 0x0000000089900000| Untracked |  0
|  78|0x0000000089a00000, 0x0000000089a00000, 0x0000000089b00000|  0%| F|  |TAMS 0x0000000089a00000| PB 0x0000000089a00000| Untracked |  0
|  79|0x0000000089b00000, 0x0000000089b00000, 0x0000000089c00000|  0%| F|  |TAMS 0x0000000089b00000| PB 0x0000000089b00000| Untracked |  0
|  80|0x0000000089c00000, 0x0000000089c00000, 0x0000000089d00000|  0%| F|  |TAMS 0x0000000089c00000| PB 0x0000000089c00000| Untracked |  0
|  81|0x0000000089d00000, 0x0000000089d00000, 0x0000000089e00000|  0%| F|  |TAMS 0x0000000089d00000| PB 0x0000000089d00000| Untracked |  0
|  82|0x0000000089e00000, 0x0000000089e00000, 0x0000000089f00000|  0%| F|  |TAMS 0x0000000089e00000| PB 0x0000000089e00000| Untracked |  0
|  83|0x0000000089f00000, 0x0000000089f00000, 0x000000008a000000|  0%| F|  |TAMS 0x0000000089f00000| PB 0x0000000089f00000| Untracked |  0
|  84|0x000000008a000000, 0x000000008a000000, 0x000000008a100000|  0%| F|  |TAMS 0x000000008a000000| PB 0x000000008a000000| Untracked |  0
|  85|0x000000008a100000, 0x000000008a100000, 0x000000008a200000|  0%| F|  |TAMS 0x000000008a100000| PB 0x000000008a100000| Untracked |  0
|  86|0x000000008a200000, 0x000000008a200000, 0x000000008a300000|  0%| F|  |TAMS 0x000000008a200000| PB 0x000000008a200000| Untracked |  0
|  87|0x000000008a300000, 0x000000008a300000, 0x000000008a400000|  0%| F|  |TAMS 0x000000008a300000| PB 0x000000008a300000| Untracked |  0
|  88|0x000000008a400000, 0x000000008a400000, 0x000000008a500000|  0%| F|  |TAMS 0x000000008a400000| PB 0x000000008a400000| Untracked |  0
|  89|0x000000008a500000, 0x000000008a500000, 0x000000008a600000|  0%| F|  |TAMS 0x000000008a500000| PB 0x000000008a500000| Untracked |  0
|  90|0x000000008a600000, 0x000000008a600000, 0x000000008a700000|  0%| F|  |TAMS 0x000000008a600000| PB 0x000000008a600000| Untracked |  0
|  91|0x000000008a700000, 0x000000008a700000, 0x000000008a800000|  0%| F|  |TAMS 0x000000008a700000| PB 0x000000008a700000| Untracked |  0
|  92|0x000000008a800000, 0x000000008a800000, 0x000000008a900000|  0%| F|  |TAMS 0x000000008a800000| PB 0x000000008a800000| Untracked |  0
|  93|0x000000008a900000, 0x000000008a900000, 0x000000008aa00000|  0%| F|  |TAMS 0x000000008a900000| PB 0x000000008a900000| Untracked |  0
|  94|0x000000008aa00000, 0x000000008aa00000, 0x000000008ab00000|  0%| F|  |TAMS 0x000000008aa00000| PB 0x000000008aa00000| Untracked |  0
|  95|0x000000008ab00000, 0x000000008ab00000, 0x000000008ac00000|  0%| F|  |TAMS 0x000000008ab00000| PB 0x000000008ab00000| Untracked |  0
|  96|0x000000008ac00000, 0x000000008ac00000, 0x000000008ad00000|  0%| F|  |TAMS 0x000000008ac00000| PB 0x000000008ac00000| Untracked |  0
|  97|0x000000008ad00000, 0x000000008ad9a4b0, 0x000000008ae00000| 60%| E|  |TAMS 0x000000008ad00000| PB 0x000000008ad00000| Complete |  0
|  98|0x000000008ae00000, 0x000000008af00000, 0x000000008af00000|100%| E|CS|TAMS 0x000000008ae00000| PB 0x000000008ae00000| Complete |  0
|  99|0x000000008af00000, 0x000000008b000000, 0x000000008b000000|100%| E|CS|TAMS 0x000000008af00000| PB 0x000000008af00000| Complete |  0
| 100|0x000000008b000000, 0x000000008b100000, 0x000000008b100000|100%| E|CS|TAMS 0x000000008b000000| PB 0x000000008b000000| Complete |  0
| 101|0x000000008b100000, 0x000000008b200000, 0x000000008b200000|100%| E|CS|TAMS 0x000000008b100000| PB 0x000000008b100000| Complete |  0
| 102|0x000000008b200000, 0x000000008b300000, 0x000000008b300000|100%| E|CS|TAMS 0x000000008b200000| PB 0x000000008b200000| Complete |  0
| 103|0x000000008b300000, 0x000000008b400000, 0x000000008b400000|100%| E|CS|TAMS 0x000000008b300000| PB 0x000000008b300000| Complete |  0
| 104|0x000000008b400000, 0x000000008b500000, 0x000000008b500000|100%| E|CS|TAMS 0x000000008b400000| PB 0x000000008b400000| Complete |  0
| 105|0x000000008b500000, 0x000000008b600000, 0x000000008b600000|100%| E|CS|TAMS 0x000000008b500000| PB 0x000000008b500000| Complete |  0
| 106|0x000000008b600000, 0x000000008b6e4b58, 0x000000008b700000| 89%| S|CS|TAMS 0x000000008b600000| PB 0x000000008b600000| Complete |  0
| 107|0x000000008b700000, 0x000000008b800000, 0x000000008b800000|100%| S|CS|TAMS 0x000000008b700000| PB 0x000000008b700000| Complete |  0
| 108|0x000000008b800000, 0x000000008b900000, 0x000000008b900000|100%| S|CS|TAMS 0x000000008b800000| PB 0x000000008b800000| Complete |  0
| 109|0x000000008b900000, 0x000000008ba00000, 0x000000008ba00000|100%| S|CS|TAMS 0x000000008b900000| PB 0x000000008b900000| Complete |  0
| 110|0x000000008ba00000, 0x000000008bb00000, 0x000000008bb00000|100%| S|CS|TAMS 0x000000008ba00000| PB 0x000000008ba00000| Complete |  0
| 111|0x000000008bb00000, 0x000000008bc00000, 0x000000008bc00000|100%| E|CS|TAMS 0x000000008bb00000| PB 0x000000008bb00000| Complete |  0
| 112|0x000000008bc00000, 0x000000008bd00000, 0x000000008bd00000|100%| E|CS|TAMS 0x000000008bc00000| PB 0x000000008bc00000| Complete |  0
| 113|0x000000008bd00000, 0x000000008be00000, 0x000000008be00000|100%| E|CS|TAMS 0x000000008bd00000| PB 0x000000008bd00000| Complete |  0
| 114|0x000000008be00000, 0x000000008bf00000, 0x000000008bf00000|100%| E|CS|TAMS 0x000000008be00000| PB 0x000000008be00000| Complete |  0
| 115|0x000000008bf00000, 0x000000008c000000, 0x000000008c000000|100%| E|CS|TAMS 0x000000008bf00000| PB 0x000000008bf00000| Complete |  0
| 148|0x000000008e000000, 0x000000008e100000, 0x000000008e100000|100%| E|CS|TAMS 0x000000008e000000| PB 0x000000008e000000| Complete |  0

Card table byte_map: [0x000001b072740000,0x000001b072b20000] _byte_map_base: 0x000001b07231a000

Marking Bits: (CMBitMap*) 0x000001b069c92fc0
 Bits: [0x000001b072b20000, 0x000001b0749f0000)

Polling page: 0x000001b067af0000

Metaspace:

Usage:
  Non-class:     19.60 MB used.
      Class:      3.32 MB used.
       Both:     22.91 MB used.

Virtual space:
  Non-class space:       64.00 MB reserved,      19.88 MB ( 31%) committed,  1 nodes.
      Class space:        1.00 GB reserved,       3.50 MB ( <1%) committed,  1 nodes.
             Both:        1.06 GB reserved,      23.38 MB (  2%) committed. 

Chunk freelists:
   Non-Class:  12.05 MB
       Class:  12.46 MB
        Both:  24.51 MB

MaxMetaspaceSize: unlimited
CompressedClassSpaceSize: 1.00 GB
Initial GC threshold: 21.00 MB
Current GC threshold: 35.12 MB
CDS: on
 - commit_granule_bytes: 65536.
 - commit_granule_words: 8192.
 - virtual_space_node_default_size: 8388608.
 - enlarge_chunks_in_place: 1.
 - use_allocation_guard: 0.


Internal statistics:

num_allocs_failed_limit: 3.
num_arena_births: 500.
num_arena_deaths: 0.
num_vsnodes_births: 2.
num_vsnodes_deaths: 0.
num_space_committed: 374.
num_space_uncommitted: 0.
num_chunks_returned_to_freelist: 3.
num_chunks_taken_from_freelist: 1151.
num_chunk_merges: 3.
num_chunk_splits: 769.
num_chunks_enlarged: 534.
num_inconsistent_stats: 0.

CodeHeap 'non-profiled nmethods': size=120064Kb used=1663Kb max_used=1663Kb free=118400Kb
 bounds [0x000001b007ac0000, 0x000001b007d30000, 0x000001b00f000000]
CodeHeap 'profiled nmethods': size=120000Kb used=7182Kb max_used=7182Kb free=112817Kb
 bounds [0x000001b000000000, 0x000001b000710000, 0x000001b007530000]
CodeHeap 'non-nmethods': size=5696Kb used=2069Kb max_used=2097Kb free=3627Kb
 bounds [0x000001b007530000, 0x000001b0077a0000, 0x000001b007ac0000]
CodeCache: size=245760Kb, used=10914Kb, max_used=10942Kb, free=234844Kb
 total_blobs=5528, nmethods=4640, adapters=791, full_count=0
Compilation: enabled, stopped_count=0, restarted_count=0

Compilation events (20 events):
Event: 96.580 Thread 0x000001b076df9720 4632       3       javafx.scene.Node::pseudoClassStateChanged (59 bytes)
Event: 96.581 Thread 0x000001b076df9720 nmethod 4632 0x000001b000701c88 code [0x000001b000701e00, 0x000001b0007022e0]
Event: 97.060 Thread 0x000001b076df2c70 4633       4       com.sun.javafx.event.EventDispatchChainImpl::dispatchEvent (101 bytes)
Event: 97.062 Thread 0x000001b076df2c70 nmethod 4633 0x000001b007c5f088 code [0x000001b007c5f1a0, 0x000001b007c5f360]
Event: 97.238 Thread 0x000001b076df2c70 4634   !   4       com.sun.javafx.css.StyleManager::getCacheContainer (152 bytes)
Event: 97.239 Thread 0x000001b076df9720 4639       3       com.sun.javafx.util.Utils::RGBtoHSB (227 bytes)
Event: 97.239 Thread 0x000001b076df9720 nmethod 4639 0x000001b000702308 code [0x000001b0007024e0, 0x000001b000702a58]
Event: 97.239 Thread 0x000001b076df9720 4640       1       com.sun.javafx.sg.prism.NGCamera::getViewWidth (5 bytes)
Event: 97.239 Thread 0x000001b076df9720 nmethod 4640 0x000001b007c5f388 code [0x000001b007c5f4a0, 0x000001b007c5f568]
Event: 97.239 Thread 0x000001b076df9720 4641       1       com.sun.javafx.sg.prism.NGCamera::getViewHeight (5 bytes)
Event: 97.239 Thread 0x000001b076df9720 nmethod 4641 0x000001b007c5f688 code [0x000001b007c5f7a0, 0x000001b007c5f868]
Event: 97.239 Thread 0x000001b076df9720 4642       1       com.sun.javafx.geom.DirtyRegionContainer::size (5 bytes)
Event: 97.240 Thread 0x000001b076df9720 nmethod 4642 0x000001b007c5f988 code [0x000001b007c5faa0, 0x000001b007c5fb68]
Event: 97.240 Thread 0x000001b076df9720 4643       3       com.sun.prism.paint.Color::isOpaque (15 bytes)
Event: 97.240 Thread 0x000001b076df9720 nmethod 4643 0x000001b000702a88 code [0x000001b000702bc0, 0x000001b000702d48]
Event: 97.240 Thread 0x000001b054209810 4635       4       com.sun.javafx.css.ParsedValueImpl::containsFontRelativeSize (231 bytes)
Event: 97.240 Thread 0x000001b076df9720 4644       1       com.sun.prism.paint.Color::getIntArgbPre (5 bytes)
Event: 97.240 Thread 0x000001b076df9720 nmethod 4644 0x000001b007c5fc88 code [0x000001b007c5fda0, 0x000001b007c5fe68]
Event: 97.240 Thread 0x000001b076df9720 4645   !   3       java.nio.DirectByteBuffer::put (36 bytes)
Event: 97.241 Thread 0x000001b076df9720 nmethod 4645 0x000001b000702d88 code [0x000001b000702f80, 0x000001b000703980]

GC Heap History (10 events):
Event: 0.379 GC heap before
{Heap before GC invocations=0 (full 0):
 garbage-first heap   total reserved 2019328K, committed 126976K, used 15360K [0x0000000084c00000, 0x0000000100000000)
  region size 1024K, 14 young (14336K), 0 survivors (0K)
 Metaspace       used 1593K, committed 1728K, reserved 1114112K
  class space    used 127K, committed 192K, reserved 1048576K
}
Event: 0.385 GC heap after
{Heap after GC invocations=1 (full 0):
 garbage-first heap   total reserved 2019328K, committed 126976K, used 8576K [0x0000000084c00000, 0x0000000100000000)
  region size 1024K, 2 young (2048K), 2 survivors (2048K)
 Metaspace       used 1593K, committed 1728K, reserved 1114112K
  class space    used 127K, committed 192K, reserved 1048576K
}
Event: 0.705 GC heap before
{Heap before GC invocations=1 (full 0):
 garbage-first heap   total reserved 2019328K, committed 126976K, used 18816K [0x0000000084c00000, 0x0000000100000000)
  region size 1024K, 13 young (13312K), 2 survivors (2048K)
 Metaspace       used 6711K, committed 6976K, reserved 1114112K
  class space    used 753K, committed 896K, reserved 1048576K
}
Event: 0.710 GC heap after
{Heap after GC invocations=2 (full 0):
 garbage-first heap   total reserved 2019328K, committed 126976K, used 10093K [0x0000000084c00000, 0x0000000100000000)
  region size 1024K, 2 young (2048K), 2 survivors (2048K)
 Metaspace       used 6711K, committed 6976K, reserved 1114112K
  class space    used 753K, committed 896K, reserved 1048576K
}
Event: 1.298 GC heap before
{Heap before GC invocations=2 (full 0):
 garbage-first heap   total reserved 2019328K, committed 126976K, used 38765K [0x0000000084c00000, 0x0000000100000000)
  region size 1024K, 31 young (31744K), 2 survivors (2048K)
 Metaspace       used 12486K, committed 12800K, reserved 1114112K
  class space    used 1478K, committed 1600K, reserved 1048576K
}
Event: 1.304 GC heap after
{Heap after GC invocations=3 (full 0):
 garbage-first heap   total reserved 2019328K, committed 126976K, used 13403K [0x0000000084c00000, 0x0000000100000000)
  region size 1024K, 4 young (4096K), 4 survivors (4096K)
 Metaspace       used 12486K, committed 12800K, reserved 1114112K
  class space    used 1478K, committed 1600K, reserved 1048576K
}
Event: 1.870 GC heap before
{Heap before GC invocations=3 (full 0):
 garbage-first heap   total reserved 2019328K, committed 126976K, used 47195K [0x0000000084c00000, 0x0000000100000000)
  region size 1024K, 38 young (38912K), 4 survivors (4096K)
 Metaspace       used 18783K, committed 19136K, reserved 1114112K
  class space    used 2788K, committed 2944K, reserved 1048576K
}
Event: 1.877 GC heap after
{Heap after GC invocations=4 (full 0):
 garbage-first heap   total reserved 2019328K, committed 126976K, used 16615K [0x0000000084c00000, 0x0000000100000000)
  region size 1024K, 5 young (5120K), 5 survivors (5120K)
 Metaspace       used 18783K, committed 19136K, reserved 1114112K
  class space    used 2788K, committed 2944K, reserved 1048576K
}
Event: 4.364 GC heap before
{Heap before GC invocations=4 (full 0):
 garbage-first heap   total reserved 2019328K, committed 126976K, used 44263K [0x0000000084c00000, 0x0000000100000000)
  region size 1024K, 18 young (18432K), 5 survivors (5120K)
 Metaspace       used 21133K, committed 21504K, reserved 1114112K
  class space    used 3076K, committed 3264K, reserved 1048576K
}
Event: 4.411 GC heap after
{Heap after GC invocations=5 (full 0):
 garbage-first heap   total reserved 2019328K, committed 152576K, used 35102K [0x0000000084c00000, 0x0000000100000000)
  region size 1024K, 5 young (5120K), 5 survivors (5120K)
 Metaspace       used 21133K, committed 21504K, reserved 1114112K
  class space    used 3076K, committed 3264K, reserved 1048576K
}

Dll operation events (20 events):
Event: 0.551 Loaded shared library C:\javafx-sdk-23.0.1\bin\api-ms-win-crt-heap-l1-1-0.dll
Event: 0.552 Loaded shared library C:\javafx-sdk-23.0.1\bin\api-ms-win-crt-locale-l1-1-0.dll
Event: 0.553 Loaded shared library C:\javafx-sdk-23.0.1\bin\api-ms-win-crt-math-l1-1-0.dll
Event: 0.554 Loaded shared library C:\javafx-sdk-23.0.1\bin\api-ms-win-crt-multibyte-l1-1-0.dll
Event: 0.555 Loaded shared library C:\javafx-sdk-23.0.1\bin\api-ms-win-crt-private-l1-1-0.dll
Event: 0.556 Loaded shared library C:\javafx-sdk-23.0.1\bin\api-ms-win-crt-process-l1-1-0.dll
Event: 0.557 Loaded shared library C:\javafx-sdk-23.0.1\bin\api-ms-win-crt-runtime-l1-1-0.dll
Event: 0.558 Loaded shared library C:\javafx-sdk-23.0.1\bin\api-ms-win-crt-stdio-l1-1-0.dll
Event: 0.559 Loaded shared library C:\javafx-sdk-23.0.1\bin\api-ms-win-crt-string-l1-1-0.dll
Event: 0.560 Loaded shared library C:\javafx-sdk-23.0.1\bin\api-ms-win-crt-time-l1-1-0.dll
Event: 0.561 Loaded shared library C:\javafx-sdk-23.0.1\bin\api-ms-win-crt-utility-l1-1-0.dll
Event: 0.563 Loaded shared library C:\javafx-sdk-23.0.1\bin\ucrtbase.dll
Event: 0.565 Loaded shared library C:\javafx-sdk-23.0.1\bin\vcruntime140.dll
Event: 0.566 Loaded shared library C:\javafx-sdk-23.0.1\bin\vcruntime140_1.dll
Event: 0.568 Loaded shared library C:\javafx-sdk-23.0.1\bin\msvcp140.dll
Event: 0.569 Loaded shared library C:\javafx-sdk-23.0.1\bin\msvcp140_1.dll
Event: 0.571 Loaded shared library C:\javafx-sdk-23.0.1\bin\msvcp140_2.dll
Event: 0.665 Loaded shared library C:\javafx-sdk-23.0.1\bin\prism_d3d.dll
Event: 0.736 Loaded shared library C:\javafx-sdk-23.0.1\bin\glass.dll
Event: 1.410 Loaded shared library C:\javafx-sdk-23.0.1\bin\javafx_font.dll

Deoptimization events (20 events):
Event: 74.450 Thread 0x000001b056279940 DEOPT PACKING pc=0x000001b000614e86 sp=0x00000063ef1fd500
Event: 74.450 Thread 0x000001b056279940 DEOPT UNPACKING pc=0x000001b0075884c2 sp=0x00000063ef1fc950 mode 0
Event: 74.451 Thread 0x000001b056279940 DEOPT PACKING pc=0x000001b000614e86 sp=0x00000063ef1fd510
Event: 74.451 Thread 0x000001b056279940 DEOPT UNPACKING pc=0x000001b0075884c2 sp=0x00000063ef1fc960 mode 0
Event: 74.513 Thread 0x000001b056279940 DEOPT PACKING pc=0x000001b000614e86 sp=0x00000063ef1fd910
Event: 74.513 Thread 0x000001b056279940 DEOPT UNPACKING pc=0x000001b0075884c2 sp=0x00000063ef1fcd60 mode 0
Event: 74.521 Thread 0x000001b056279940 DEOPT PACKING pc=0x000001b000614e86 sp=0x00000063ef1fd510
Event: 74.521 Thread 0x000001b056279940 DEOPT UNPACKING pc=0x000001b0075884c2 sp=0x00000063ef1fc960 mode 0
Event: 74.523 Thread 0x000001b056279940 DEOPT PACKING pc=0x000001b0006150c7 sp=0x00000063ef1fd510
Event: 74.523 Thread 0x000001b056279940 DEOPT UNPACKING pc=0x000001b0075884c2 sp=0x00000063ef1fc960 mode 0
Event: 74.527 Thread 0x000001b056279940 DEOPT PACKING pc=0x000001b000614e86 sp=0x00000063ef1fd510
Event: 74.527 Thread 0x000001b056279940 DEOPT UNPACKING pc=0x000001b0075884c2 sp=0x00000063ef1fc960 mode 0
Event: 74.530 Thread 0x000001b056279940 DEOPT PACKING pc=0x000001b0006150c7 sp=0x00000063ef1fd510
Event: 74.530 Thread 0x000001b056279940 DEOPT UNPACKING pc=0x000001b0075884c2 sp=0x00000063ef1fc960 mode 0
Event: 74.532 Thread 0x000001b056279940 DEOPT PACKING pc=0x000001b000614e86 sp=0x00000063ef1fd510
Event: 74.532 Thread 0x000001b056279940 DEOPT UNPACKING pc=0x000001b0075884c2 sp=0x00000063ef1fc960 mode 0
Event: 97.265 Thread 0x000001b056279940 Uncommon trap: trap_request=0xffffff45 fr.pc=0x000001b007c5cec8 relative=0x00000000000005c8
Event: 97.265 Thread 0x000001b056279940 Uncommon trap: reason=unstable_if action=reinterpret pc=0x000001b007c5cec8 method=com.sun.javafx.tk.quantum.QuantumToolkit.postPulse()V @ 34 c2
Event: 97.265 Thread 0x000001b056279940 DEOPT PACKING pc=0x000001b007c5cec8 sp=0x00000063ef1fede0
Event: 97.265 Thread 0x000001b056279940 DEOPT UNPACKING pc=0x000001b007587982 sp=0x00000063ef1fedc0 mode 2

Classes loaded (20 events):
Event: 4.436 Loading class java/util/BitSet$1BitSetSpliterator
Event: 4.436 Loading class java/util/BitSet$1BitSetSpliterator done
Event: 4.436 Loading class java/util/stream/IntPipeline$Head
Event: 4.436 Loading class java/util/stream/IntPipeline
Event: 4.437 Loading class java/util/stream/IntPipeline done
Event: 4.437 Loading class java/util/stream/IntPipeline$Head done
Event: 4.437 Loading class java/util/stream/IntPipeline$1
Event: 4.438 Loading class java/util/stream/IntPipeline$1 done
Event: 4.438 Loading class java/util/stream/IntPipeline$1$1
Event: 4.438 Loading class java/util/stream/Sink$ChainedInt
Event: 4.438 Loading class java/util/stream/Sink$OfInt
Event: 4.438 Loading class java/util/stream/Sink$OfInt done
Event: 4.438 Loading class java/util/stream/Sink$ChainedInt done
Event: 4.438 Loading class java/util/stream/IntPipeline$1$1 done
Event: 4.618 Loading class java/lang/FdLibm$Atan2
Event: 4.619 Loading class java/lang/FdLibm$Atan2 done
Event: 5.347 Loading class java/lang/Throwable$WrappedPrintStream
Event: 5.347 Loading class java/lang/Throwable$PrintStreamOrWriter
Event: 5.347 Loading class java/lang/Throwable$PrintStreamOrWriter done
Event: 5.347 Loading class java/lang/Throwable$WrappedPrintStream done

Classes unloaded (0 events):
No events

Classes redefined (0 events):
No events

Internal exceptions (20 events):
Event: 1.577 Thread 0x000001b054ac0220 Implicit null exception at 0x000001b007ae07d6 to 0x000001b007ae087a
Event: 1.585 Thread 0x000001b054ac0220 Implicit null exception at 0x000001b007b5862a to 0x000001b007b58a40
Event: 1.587 Thread 0x000001b054ac0220 Implicit null exception at 0x000001b007b5d58a to 0x000001b007b5d7ec
Event: 1.602 Thread 0x000001b054ac0220 Implicit null exception at 0x000001b007ae049d to 0x000001b007ae051d
Event: 1.702 Thread 0x000001b054ac0220 Exception <a 'java/lang/IncompatibleClassChangeError'{0x000000008ae35570}: Found class java.lang.Object, but interface was expected> (0x000000008ae35570) 
thrown [s\open\src\hotspot\share\interpreter\linkResolver.cpp, line 863]
Event: 1.746 Thread 0x000001b054ac0220 Exception <a 'java/io/FileNotFoundException'{0x000000008adb6e90}> (0x000000008adb6e90) 
thrown [s\open\src\hotspot\share\prims\jni.cpp, line 520]
Event: 1.791 Thread 0x000001b054ac0220 Exception <a 'java/lang/ClassNotFoundException'{0x000000008abeb488}: com/sun/javafx/scene/control/skin/resources/controls> (0x000000008abeb488) 
thrown [s\open\src\hotspot\share\prims\jni.cpp, line 539]
Event: 1.792 Thread 0x000001b054ac0220 Exception <a 'java/lang/ClassNotFoundException'{0x000000008abf98a8}: com/sun/javafx/scene/control/skin/resources/controls_en> (0x000000008abf98a8) 
thrown [s\open\src\hotspot\share\prims\jni.cpp, line 539]
Event: 1.793 Thread 0x000001b054ac0220 Exception <a 'java/lang/ClassNotFoundException'{0x000000008abfb3b8}: com/sun/javafx/scene/control/skin/resources/controls_en_GB> (0x000000008abfb3b8) 
thrown [s\open\src\hotspot\share\prims\jni.cpp, line 539]
Event: 1.833 Thread 0x000001b054ac0220 Exception <a 'java/lang/NoSuchMethodError'{0x000000008a9842e0}: 'void java.lang.invoke.DirectMethodHandle$Holder.invokeSpecial(java.lang.Object, java.lang.Object, java.lang.Object, java.lang.Object, java.lang.Object, java.lang.Object)'> (0x000000008a9842e0) 
thrown [s\open\src\hotspot\share\interpreter\linkResolver.cpp, line 796]
Event: 1.905 Thread 0x000001b054ac0220 Exception <a 'java/lang/NoSuchMethodError'{0x000000008c60d3a8}: 'int java.lang.invoke.DirectMethodHandle$Holder.invokeSpecial(java.lang.Object, java.lang.Object, int)'> (0x000000008c60d3a8) 
thrown [s\open\src\hotspot\share\interpreter\linkResolver.cpp, line 796]
Event: 1.920 Thread 0x000001b054ac0220 Exception <a 'java/lang/NoSuchMethodError'{0x000000008c667e30}: 'java.lang.Object java.lang.invoke.DirectMethodHandle$Holder.newInvokeSpecial(java.lang.Object, java.lang.Object, int)'> (0x000000008c667e30) 
thrown [s\open\src\hotspot\share\interpreter\linkResolver.cpp, line 796]
Event: 1.968 Thread 0x000001b056279940 Exception <a 'java/lang/NoSuchMethodError'{0x000000008c55a7c0}: 'int java.lang.invoke.DirectMethodHandle$Holder.invokeStaticInit(java.lang.Object, java.lang.Object)'> (0x000000008c55a7c0) 
thrown [s\open\src\hotspot\share\interpreter\linkResolver.cpp, line 796]
Event: 3.999 Thread 0x000001b054ac0220 Exception <a 'java/lang/NoSuchMethodError'{0x000000008c168ac0}: 'long java.lang.invoke.DirectMethodHandle$Holder.invokeStatic(java.lang.Object, java.lang.Object, java.lang.Object)'> (0x000000008c168ac0) 
thrown [s\open\src\hotspot\share\interpreter\linkResolver.cpp, line 796]
Event: 3.999 Thread 0x000001b054ac0220 Exception <a 'java/lang/NoSuchMethodError'{0x000000008c16bea8}: 'long java.lang.invoke.DirectMethodHandle$Holder.invokeStaticInit(java.lang.Object, java.lang.Object, java.lang.Object)'> (0x000000008c16bea8) 
thrown [s\open\src\hotspot\share\interpreter\linkResolver.cpp, line 796]
Event: 4.001 Thread 0x000001b054ac0220 Exception <a 'java/lang/NoSuchMethodError'{0x000000008c180898}: 'java.lang.Object java.lang.invoke.DirectMethodHandle$Holder.newInvokeSpecial(java.lang.Object, java.lang.Object, long)'> (0x000000008c180898) 
thrown [s\open\src\hotspot\share\interpreter\linkResolver.cpp, line 796]
Event: 26.415 Thread 0x000001b054ac0220 Exception <a 'java/lang/NoSuchMethodError'{0x000000008b130cc0}: 'java.lang.Object java.lang.invoke.DirectMethodHandle$Holder.newInvokeSpecial(java.lang.Object, java.lang.Object, java.lang.Object, double, double, double, double, int, int, int, int, int, int, int, int, int)'> (0x000000008b130cc0) 
thrown [s\open\src\hotspot\share\interpreter\linkResolver.cpp, line 796]
Event: 73.950 Thread 0x000001b054ac0220 Exception <a 'java/lang/NoSuchMethodError'{0x000000008af54e90}: 'java.lang.Object java.lang.invoke.DirectMethodHandle$Holder.newInvokeSpecial(java.lang.Object, java.lang.Object, int, int, int, int, int, java.lang.Object)'> (0x000000008af54e90) 
thrown [s\open\src\hotspot\share\interpreter\linkResolver.cpp, line 796]
Event: 73.952 Thread 0x000001b054ac0220 Exception <a 'java/lang/NoSuchMethodError'{0x000000008af66c40}: 'java.lang.Object java.lang.invoke.DirectMethodHandle$Holder.newInvokeSpecial(java.lang.Object, java.lang.Object, java.lang.Object, int, int, int, int, int)'> (0x000000008af66c40) 
thrown [s\open\src\hotspot\share\interpreter\linkResolver.cpp, line 796]
Event: 73.952 Thread 0x000001b054ac0220 Exception <a 'java/lang/NoSuchMethodError'{0x000000008af6dfe0}: 'java.lang.Object java.lang.invoke.Invokers$Holder.linkToTargetMethod(java.lang.Object, java.lang.Object, int, int, int, int, int, java.lang.Object)'> (0x000000008af6dfe0) 
thrown [s\open\src\hotspot\share\interpreter\linkResolver.cpp, line 796]

VM Operations (20 events):
Event: 1.416 Executing VM operation: HandshakeAllThreads (Deoptimize)
Event: 1.416 Executing VM operation: HandshakeAllThreads (Deoptimize) done
Event: 1.671 Executing VM operation: HandshakeAllThreads (Deoptimize)
Event: 1.671 Executing VM operation: HandshakeAllThreads (Deoptimize) done
Event: 1.671 Executing VM operation: HandshakeAllThreads (Deoptimize)
Event: 1.671 Executing VM operation: HandshakeAllThreads (Deoptimize) done
Event: 1.737 Executing VM operation: HandshakeAllThreads (Deoptimize)
Event: 1.737 Executing VM operation: HandshakeAllThreads (Deoptimize) done
Event: 1.870 Executing VM operation: G1CollectForAllocation (G1 Evacuation Pause)
Event: 1.878 Executing VM operation: G1CollectForAllocation (G1 Evacuation Pause) done
Event: 4.364 Executing VM operation: CollectForMetadataAllocation (Metadata GC Threshold)
Event: 4.411 Executing VM operation: CollectForMetadataAllocation (Metadata GC Threshold) done
Event: 4.424 Executing VM operation: G1PauseRemark
Event: 4.426 Executing VM operation: G1PauseRemark done
Event: 4.431 Executing VM operation: G1PauseCleanup
Event: 4.431 Executing VM operation: G1PauseCleanup done
Event: 60.202 Executing VM operation: HandshakeAllThreads (HandshakeForDeflation)
Event: 60.202 Executing VM operation: HandshakeAllThreads (HandshakeForDeflation) done
Event: 60.202 Executing VM operation: RendezvousGCThreads
Event: 60.202 Executing VM operation: RendezvousGCThreads done

Memory protections (0 events):
No events

Nmethod flushes (0 events):
No events

Events (20 events):
Event: 0.358 Thread 0x000001b06798f7b0 Thread added: 0x000001b0544df760
Event: 0.653 Thread 0x000001b06798f7b0 Thread added: 0x000001b056279940
Event: 0.732 Thread 0x000001b076def6e0 Thread added: 0x000001b0545ca9a0
Event: 0.739 Thread 0x000001b06798f7b0 Thread added: 0x000001b054c00860
Event: 0.742 Thread 0x000001b06798f7b0 Thread added: 0x000001b054ac0220
Event: 0.751 Thread 0x000001b0545ca9a0 Thread added: 0x000001b05572cc30
Event: 0.782 Thread 0x000001b05572cc30 Thread added: 0x000001b054e9a610
Event: 0.791 Thread 0x000001b05572cc30 Thread added: 0x000001b055b83de0
Event: 0.871 Thread 0x000001b06798f7b0 Thread added: 0x000001b055b85820
Event: 0.878 Thread 0x000001b055b84470 Thread added: 0x000001b055b84470
Event: 1.304 Thread 0x000001b0542124a0 Thread exited: 0x000001b0542124a0
Event: 1.437 Thread 0x000001b076df2c70 Thread added: 0x000001b0564c32a0
Event: 1.699 Thread 0x000001b054ac0220 Thread added: 0x000001b055b84b00
Event: 2.024 Thread 0x000001b056279940 Thread added: 0x000001b055b85190
Event: 2.520 Thread 0x000001b0564c32a0 Thread exited: 0x000001b0564c32a0
Event: 4.195 Thread 0x000001b076df9720 Thread added: 0x000001b057091920
Event: 4.878 Thread 0x000001b057091920 Thread exited: 0x000001b057091920
Event: 74.406 Thread 0x000001b076df9720 Thread added: 0x000001b0567cacc0
Event: 74.878 Thread 0x000001b0567cacc0 Thread exited: 0x000001b0567cacc0
Event: 97.239 Thread 0x000001b076df9720 Thread added: 0x000001b054209810


Dynamic libraries:
0x00007ff6131f0000 - 0x00007ff6131fe000 	C:\Users\User\.jdks\openjdk-23.0.1\bin\java.exe
0x00007ffc0fb80000 - 0x00007ffc0fde0000 	C:\WINDOWS\SYSTEM32\ntdll.dll
0x00007ffc0eb40000 - 0x00007ffc0ec07000 	C:\WINDOWS\System32\KERNEL32.DLL
0x00007ffc0d1c0000 - 0x00007ffc0d58a000 	C:\WINDOWS\System32\KERNELBASE.dll
0x00007ffc0d7a0000 - 0x00007ffc0d8eb000 	C:\WINDOWS\System32\ucrtbase.dll
0x00007ffbfb2d0000 - 0x00007ffbfb2eb000 	C:\Users\User\.jdks\openjdk-23.0.1\bin\VCRUNTIME140.dll
0x00007ffbfb2b0000 - 0x00007ffbfb2c7000 	C:\Users\User\.jdks\openjdk-23.0.1\bin\jli.dll
0x00007ffc0f530000 - 0x00007ffc0f6fc000 	C:\WINDOWS\System32\USER32.dll
0x00007ffc0cea0000 - 0x00007ffc0cec7000 	C:\WINDOWS\System32\win32u.dll
0x00007ffbf6a60000 - 0x00007ffbf6cf7000 	C:\WINDOWS\WinSxS\amd64_microsoft.windows.common-controls_6595b64144ccf1df_6.0.26100.3624_none_3e086962e3345f24\COMCTL32.dll
0x00007ffc0ed30000 - 0x00007ffc0ed5a000 	C:\WINDOWS\System32\GDI32.dll
0x00007ffc0f480000 - 0x00007ffc0f529000 	C:\WINDOWS\System32\msvcrt.dll
0x00007ffc0cd60000 - 0x00007ffc0ce91000 	C:\WINDOWS\System32\gdi32full.dll
0x00007ffc0d110000 - 0x00007ffc0d1b3000 	C:\WINDOWS\System32\msvcp_win.dll
0x00007ffc0dbf0000 - 0x00007ffc0dc1f000 	C:\WINDOWS\System32\IMM32.DLL
0x00007ffbfc770000 - 0x00007ffbfc77c000 	C:\Users\User\.jdks\openjdk-23.0.1\bin\vcruntime140_1.dll
0x00007ffbf1e80000 - 0x00007ffbf1f0e000 	C:\Users\User\.jdks\openjdk-23.0.1\bin\msvcp140.dll
0x00007ffba3d10000 - 0x00007ffba4a5f000 	C:\Users\User\.jdks\openjdk-23.0.1\bin\server\jvm.dll
0x00007ffc0efc0000 - 0x00007ffc0f072000 	C:\WINDOWS\System32\ADVAPI32.dll
0x00007ffc0fa90000 - 0x00007ffc0fb36000 	C:\WINDOWS\System32\sechost.dll
0x00007ffc0ec10000 - 0x00007ffc0ed26000 	C:\WINDOWS\System32\RPCRT4.dll
0x00007ffc0de10000 - 0x00007ffc0de84000 	C:\WINDOWS\System32\WS2_32.dll
0x00007ffc0c590000 - 0x00007ffc0c5ee000 	C:\WINDOWS\SYSTEM32\POWRPROF.dll
0x00007ffc02800000 - 0x00007ffc02836000 	C:\WINDOWS\SYSTEM32\WINMM.dll
0x00007ffbf9940000 - 0x00007ffbf994b000 	C:\WINDOWS\SYSTEM32\VERSION.dll
0x00007ffc0c570000 - 0x00007ffc0c584000 	C:\WINDOWS\SYSTEM32\UMPDC.dll
0x00007ffc0bb30000 - 0x00007ffc0bb4a000 	C:\WINDOWS\SYSTEM32\kernel.appcore.dll
0x00007ffbf6db0000 - 0x00007ffbf6dba000 	C:\Users\User\.jdks\openjdk-23.0.1\bin\jimage.dll
0x00007ffc0a670000 - 0x00007ffc0a8b1000 	C:\WINDOWS\SYSTEM32\DBGHELP.DLL
0x00007ffc0f700000 - 0x00007ffc0fa82000 	C:\WINDOWS\System32\combase.dll
0x00007ffc0da80000 - 0x00007ffc0db56000 	C:\WINDOWS\System32\OLEAUT32.dll
0x00007ffbf08d0000 - 0x00007ffbf0909000 	C:\WINDOWS\SYSTEM32\dbgcore.DLL
0x00007ffc0d700000 - 0x00007ffc0d799000 	C:\WINDOWS\System32\bcryptPrimitives.dll
0x00007ffbf6560000 - 0x00007ffbf656f000 	C:\Users\User\.jdks\openjdk-23.0.1\bin\instrument.dll
0x00007ffbf4a20000 - 0x00007ffbf4a3e000 	C:\Users\User\.jdks\openjdk-23.0.1\bin\java.dll
0x00007ffc0f100000 - 0x00007ffc0f296000 	C:\WINDOWS\System32\ole32.dll
0x00007ffc0df80000 - 0x00007ffc0e6a9000 	C:\WINDOWS\System32\SHELL32.dll
0x00007ffc0d590000 - 0x00007ffc0d6f8000 	C:\WINDOWS\System32\wintypes.dll
0x00007ffc0a9c0000 - 0x00007ffc0b212000 	C:\WINDOWS\SYSTEM32\windows.storage.dll
0x00007ffc0de90000 - 0x00007ffc0df7d000 	C:\WINDOWS\System32\SHCORE.dll
0x00007ffc0dda0000 - 0x00007ffc0de04000 	C:\WINDOWS\System32\shlwapi.dll
0x00007ffc0cc70000 - 0x00007ffc0cc9f000 	C:\WINDOWS\SYSTEM32\profapi.dll
0x00007ffbde760000 - 0x00007ffbde837000 	C:\Users\User\.jdks\openjdk-23.0.1\bin\jsvml.dll
0x00007ffbf63f0000 - 0x00007ffbf6400000 	C:\Users\User\.jdks\openjdk-23.0.1\bin\net.dll
0x00007ffc0c030000 - 0x00007ffc0c09a000 	C:\WINDOWS\system32\mswsock.dll
0x00007ffbf3b20000 - 0x00007ffbf3b36000 	C:\Users\User\.jdks\openjdk-23.0.1\bin\nio.dll
0x00007ffbf3b00000 - 0x00007ffbf3b17000 	C:\Users\User\.jdks\openjdk-23.0.1\bin\zip.dll
0x00007ffc0b630000 - 0x00007ffc0b755000 	C:\WINDOWS\SYSTEM32\DNSAPI.dll
0x00007ffc0b5f0000 - 0x00007ffc0b623000 	C:\WINDOWS\SYSTEM32\IPHLPAPI.DLL
0x00007ffc0da60000 - 0x00007ffc0da6a000 	C:\WINDOWS\System32\NSI.dll
0x00007ffbf4b30000 - 0x00007ffbf4b39000 	C:\Users\User\.jdks\openjdk-23.0.1\bin\extnet.dll
0x00007ffbfc740000 - 0x00007ffbfc74b000 	C:\Windows\System32\rasadhlp.dll
0x00007ffc02770000 - 0x00007ffc027f5000 	C:\WINDOWS\System32\fwpuclnt.dll
0x00007ffbf4a10000 - 0x00007ffbf4a1a000 	C:\Users\User\.jdks\openjdk-23.0.1\bin\management.dll
0x00007ffbf3db0000 - 0x00007ffbf3dbb000 	C:\Users\User\.jdks\openjdk-23.0.1\bin\management_ext.dll
0x00007ffc0da70000 - 0x00007ffc0da78000 	C:\WINDOWS\System32\PSAPI.DLL
0x000001b055f20000 - 0x000001b055f23000 	C:\javafx-sdk-23.0.1\bin\api-ms-win-core-console-l1-1-0.dll
0x000001b055f30000 - 0x000001b055f33000 	C:\javafx-sdk-23.0.1\bin\api-ms-win-core-console-l1-2-0.dll
0x000001b055f40000 - 0x000001b055f43000 	C:\javafx-sdk-23.0.1\bin\api-ms-win-core-datetime-l1-1-0.dll
0x000001b055f50000 - 0x000001b055f53000 	C:\javafx-sdk-23.0.1\bin\api-ms-win-core-debug-l1-1-0.dll
0x000001b055f60000 - 0x000001b055f63000 	C:\javafx-sdk-23.0.1\bin\api-ms-win-core-errorhandling-l1-1-0.dll
0x000001b055f70000 - 0x000001b055f74000 	C:\javafx-sdk-23.0.1\bin\api-ms-win-core-file-l1-1-0.dll
0x000001b055f80000 - 0x000001b055f83000 	C:\javafx-sdk-23.0.1\bin\api-ms-win-core-file-l1-2-0.dll
0x000001b055f90000 - 0x000001b055f93000 	C:\javafx-sdk-23.0.1\bin\api-ms-win-core-file-l2-1-0.dll
0x000001b055fa0000 - 0x000001b055fa3000 	C:\javafx-sdk-23.0.1\bin\api-ms-win-core-handle-l1-1-0.dll
0x000001b055fb0000 - 0x000001b055fb3000 	C:\javafx-sdk-23.0.1\bin\api-ms-win-core-heap-l1-1-0.dll
0x000001b055fc0000 - 0x000001b055fc3000 	C:\javafx-sdk-23.0.1\bin\api-ms-win-core-interlocked-l1-1-0.dll
0x000001b055fd0000 - 0x000001b055fd3000 	C:\javafx-sdk-23.0.1\bin\api-ms-win-core-libraryloader-l1-1-0.dll
0x000001b055fe0000 - 0x000001b055fe3000 	C:\javafx-sdk-23.0.1\bin\api-ms-win-core-localization-l1-2-0.dll
0x000001b055ff0000 - 0x000001b055ff3000 	C:\javafx-sdk-23.0.1\bin\api-ms-win-core-memory-l1-1-0.dll
0x000001b056000000 - 0x000001b056003000 	C:\javafx-sdk-23.0.1\bin\api-ms-win-core-namedpipe-l1-1-0.dll
0x000001b056010000 - 0x000001b056013000 	C:\javafx-sdk-23.0.1\bin\api-ms-win-core-processenvironment-l1-1-0.dll
0x000001b056020000 - 0x000001b056023000 	C:\javafx-sdk-23.0.1\bin\api-ms-win-core-processthreads-l1-1-0.dll
0x000001b056030000 - 0x000001b056033000 	C:\javafx-sdk-23.0.1\bin\api-ms-win-core-processthreads-l1-1-1.dll
0x000001b056040000 - 0x000001b056043000 	C:\javafx-sdk-23.0.1\bin\api-ms-win-core-profile-l1-1-0.dll
0x000001b056050000 - 0x000001b056053000 	C:\javafx-sdk-23.0.1\bin\api-ms-win-core-rtlsupport-l1-1-0.dll
0x000001b056060000 - 0x000001b056063000 	C:\javafx-sdk-23.0.1\bin\api-ms-win-core-string-l1-1-0.dll
0x000001b056070000 - 0x000001b056073000 	C:\javafx-sdk-23.0.1\bin\api-ms-win-core-synch-l1-1-0.dll
0x000001b056080000 - 0x000001b056083000 	C:\javafx-sdk-23.0.1\bin\api-ms-win-core-synch-l1-2-0.dll
0x000001b056090000 - 0x000001b056093000 	C:\javafx-sdk-23.0.1\bin\api-ms-win-core-sysinfo-l1-1-0.dll
0x000001b0560a0000 - 0x000001b0560a3000 	C:\javafx-sdk-23.0.1\bin\api-ms-win-core-timezone-l1-1-0.dll
0x000001b0560b0000 - 0x000001b0560b3000 	C:\javafx-sdk-23.0.1\bin\api-ms-win-core-util-l1-1-0.dll
0x000001b0560c0000 - 0x000001b0560c3000 	C:\javafx-sdk-23.0.1\bin\api-ms-win-crt-conio-l1-1-0.dll
0x000001b0560d0000 - 0x000001b0560d4000 	C:\javafx-sdk-23.0.1\bin\api-ms-win-crt-convert-l1-1-0.dll
0x000001b0560e0000 - 0x000001b0560e3000 	C:\javafx-sdk-23.0.1\bin\api-ms-win-crt-environment-l1-1-0.dll
0x000001b0560f0000 - 0x000001b0560f3000 	C:\javafx-sdk-23.0.1\bin\api-ms-win-crt-filesystem-l1-1-0.dll
0x000001b056100000 - 0x000001b056103000 	C:\javafx-sdk-23.0.1\bin\api-ms-win-crt-heap-l1-1-0.dll
0x000001b056110000 - 0x000001b056113000 	C:\javafx-sdk-23.0.1\bin\api-ms-win-crt-locale-l1-1-0.dll
0x000001b056120000 - 0x000001b056125000 	C:\javafx-sdk-23.0.1\bin\api-ms-win-crt-math-l1-1-0.dll
0x000001b056130000 - 0x000001b056135000 	C:\javafx-sdk-23.0.1\bin\api-ms-win-crt-multibyte-l1-1-0.dll
0x000001b056140000 - 0x000001b056150000 	C:\javafx-sdk-23.0.1\bin\api-ms-win-crt-private-l1-1-0.dll
0x000001b056150000 - 0x000001b056153000 	C:\javafx-sdk-23.0.1\bin\api-ms-win-crt-process-l1-1-0.dll
0x000001b056160000 - 0x000001b056164000 	C:\javafx-sdk-23.0.1\bin\api-ms-win-crt-runtime-l1-1-0.dll
0x000001b056170000 - 0x000001b056174000 	C:\javafx-sdk-23.0.1\bin\api-ms-win-crt-stdio-l1-1-0.dll
0x000001b056180000 - 0x000001b056184000 	C:\javafx-sdk-23.0.1\bin\api-ms-win-crt-string-l1-1-0.dll
0x000001b056190000 - 0x000001b056193000 	C:\javafx-sdk-23.0.1\bin\api-ms-win-crt-time-l1-1-0.dll
0x000001b0561a0000 - 0x000001b0561a3000 	C:\javafx-sdk-23.0.1\bin\api-ms-win-crt-utility-l1-1-0.dll
0x00007ffbdccc0000 - 0x00007ffbdcdbc000 	C:\javafx-sdk-23.0.1\bin\ucrtbase.dll
0x00007ffbf3a80000 - 0x00007ffbf3a9b000 	C:\javafx-sdk-23.0.1\bin\vcruntime140.dll
0x00007ffbf2560000 - 0x00007ffbf256c000 	C:\javafx-sdk-23.0.1\bin\vcruntime140_1.dll
0x00007ffbde670000 - 0x00007ffbde6fe000 	C:\javafx-sdk-23.0.1\bin\msvcp140.dll
0x00007ffbf1e70000 - 0x00007ffbf1e79000 	C:\javafx-sdk-23.0.1\bin\msvcp140_1.dll
0x00007ffbe89e0000 - 0x00007ffbe8a21000 	C:\javafx-sdk-23.0.1\bin\msvcp140_2.dll
0x00007ffbe23c0000 - 0x00007ffbe23f0000 	C:\javafx-sdk-23.0.1\bin\prism_d3d.dll
0x00007ffbb6c10000 - 0x00007ffbb6dbc000 	C:\WINDOWS\system32\d3d9.dll
0x00007ffc09c90000 - 0x00007ffc09cc6000 	C:\WINDOWS\SYSTEM32\dwmapi.dll
0x00007ffc09d00000 - 0x00007ffc09d47000 	C:\WINDOWS\SYSTEM32\dxcore.dll
0x00007ffc09920000 - 0x00007ffc099ce000 	C:\WINDOWS\system32\uxtheme.dll
0x00007ffbb3670000 - 0x00007ffbb388c000 	C:\Windows\System32\DriverStore\FileRepository\iigd_dch.inf_amd64_9741ef1f4093481f\igdumdim64.dll
0x00007ffc0c3e0000 - 0x00007ffc0c3fc000 	C:\WINDOWS\SYSTEM32\CRYPTSP.dll
0x00007ffc0ba90000 - 0x00007ffc0baca000 	C:\WINDOWS\system32\rsaenh.dll
0x00007ffc0c0d0000 - 0x00007ffc0c0fb000 	C:\WINDOWS\SYSTEM32\USERENV.dll
0x00007ffc0cc40000 - 0x00007ffc0cc66000 	C:\WINDOWS\SYSTEM32\bcrypt.dll
0x00007ffb9a660000 - 0x00007ffb9b9d3000 	C:\Windows\System32\DriverStore\FileRepository\iigd_dch.inf_amd64_9741ef1f4093481f\igd9dxva64.dll
0x00007ffc0e6b0000 - 0x00007ffc0eb36000 	C:\WINDOWS\System32\SETUPAPI.dll
0x00007ffc0c9c0000 - 0x00007ffc0ca1f000 	C:\WINDOWS\SYSTEM32\cfgmgr32.dll
0x00007ffc0c260000 - 0x00007ffc0c26c000 	C:\WINDOWS\SYSTEM32\CRYPTBASE.dll
0x00007ffbba130000 - 0x00007ffbbbe50000 	C:\Windows\System32\DriverStore\FileRepository\iigd_dch.inf_amd64_9741ef1f4093481f\media_bin_64.dll
0x00007ffc022c0000 - 0x00007ffc026d7000 	C:\Windows\System32\DriverStore\FileRepository\iigd_dch.inf_amd64_9741ef1f4093481f\igdgmm64.dll
0x00007ffc09a70000 - 0x00007ffc09ace000 	C:\WINDOWS\SYSTEM32\directxdatabasehelper.dll
0x00007ffbea050000 - 0x00007ffbea068000 	C:\WINDOWS\system32\napinsp.dll
0x00007ffbe9fc0000 - 0x00007ffbe9fd2000 	C:\WINDOWS\System32\winrnr.dll
0x00007ffbe9f80000 - 0x00007ffbe9fb0000 	C:\WINDOWS\system32\nlansp_c.dll
0x00007ffbe9f60000 - 0x00007ffbe9f76000 	C:\WINDOWS\system32\wshbth.dll
0x00007ffbdcc70000 - 0x00007ffbdccb5000 	C:\javafx-sdk-23.0.1\bin\glass.dll
0x00007ffc0eec0000 - 0x00007ffc0efb4000 	C:\WINDOWS\System32\COMDLG32.dll
0x00007ffc0dc40000 - 0x00007ffc0dd9d000 	C:\WINDOWS\System32\MSCTF.dll
0x00007ffbf0f00000 - 0x00007ffbf0f27000 	C:\Windows\System32\DriverStore\FileRepository\iigd_dch.inf_amd64_9741ef1f4093481f\igdinfo64.dll

dbghelp: loaded successfully - version: 4.0.5 - missing functions: none
symbol engine: initialized successfully - sym options: 0x614 - pdb path: .;C:\Users\User\.jdks\openjdk-23.0.1\bin;C:\WINDOWS\SYSTEM32;C:\WINDOWS\WinSxS\amd64_microsoft.windows.common-controls_6595b64144ccf1df_6.0.26100.3624_none_3e086962e3345f24;C:\Users\User\.jdks\openjdk-23.0.1\bin\server;C:\javafx-sdk-23.0.1\bin;C:\Windows\System32\DriverStore\FileRepository\iigd_dch.inf_amd64_9741ef1f4093481f;C:\Program Files\Common Files\Microsoft Shared\Ink

VM Arguments:
jvm_args: --module-path=C:\javafx-sdk-23.0.1\lib --add-modules=javafx.controls,javafx.fxml -javaagent:F:\IntelliJ IDEA 2024.2.4\lib\idea_rt.jar=58501 -Dfile.encoding=UTF-8 -Dsun.stdout.encoding=UTF-8 -Dsun.stderr.encoding=UTF-8 
java_command: com.example.vehicle_parking.JavaFxApp
java_class_path (initial): E:\SpringProject\vehicle_parking\target\classes;C:\Users\User\.m2\repository\org\springframework\boot\spring-boot-starter-data-jpa\3.4.4\spring-boot-starter-data-jpa-3.4.4.jar;C:\Users\User\.m2\repository\org\springframework\boot\spring-boot-starter\3.4.4\spring-boot-starter-3.4.4.jar;C:\Users\User\.m2\repository\org\springframework\boot\spring-boot\3.4.4\spring-boot-3.4.4.jar;C:\Users\User\.m2\repository\org\springframework\boot\spring-boot-autoconfigure\3.4.4\spring-boot-autoconfigure-3.4.4.jar;C:\Users\User\.m2\repository\org\springframework\boot\spring-boot-starter-logging\3.4.4\spring-boot-starter-logging-3.4.4.jar;C:\Users\User\.m2\repository\ch\qos\logback\logback-classic\1.5.18\logback-classic-1.5.18.jar;C:\Users\User\.m2\repository\ch\qos\logback\logback-core\1.5.18\logback-core-1.5.18.jar;C:\Users\User\.m2\repository\org\apache\logging\log4j\log4j-to-slf4j\2.24.3\log4j-to-slf4j-2.24.3.jar;C:\Users\User\.m2\repository\org\apache\logging\log4j\log4j-api\2.24.3\log4j-api-2.24.3.jar;C:\Users\User\.m2\repository\org\slf4j\jul-to-slf4j\2.0.17\jul-to-slf4j-2.0.17.jar;C:\Users\User\.m2\repository\jakarta\annotation\jakarta.annotation-api\2.1.1\jakarta.annotation-api-2.1.1.jar;C:\Users\User\.m2\repository\org\yaml\snakeyaml\2.3\snakeyaml-2.3.jar;C:\Users\User\.m2\repository\org\springframework\boot\spring-boot-starter-jdbc\3.4.4\spring-boot-starter-jdbc-3.4.4.jar;C:\Users\User\.m2\repository\com\zaxxer\HikariCP\5.1.0\HikariCP-5.1.0.jar;C:\Users\User\.m2\repository\org\springframework\spring-jdbc\6.2.5\spring-jdbc-6.2.5.jar;C:\Users\User\.m2\repository\org\hibernate\orm\hibernate-core\6.6.11.Final\hibernate-core-6.6.11.Final.jar;C:\Users\User\.m2\repository\jakarta\persistence\jakarta.persistence-api\3.1.0\jakarta.persistence-api-3.1.0.jar;C:\Users\User\.m2\repository\jakarta\transaction\jakarta.transaction-api\2.0.1\jakarta.transaction-api-2.0.1.jar;C:\Users\User\.m2\repository\org\jboss\logging\jboss-logging\3.6.1.Final\jboss-logging-3.6.1.Final.jar;C:\Users\User\.m2\repository\org\hibernate\common\hibernate-commons-annotations\7.0.3.Final\hibernate-commons-annotations-7.0.3.Final.jar;C:\Users\User\.m2\repository\io\smallrye\jandex\3.2.0\jandex-3.2.0.jar;C:\Users\User\.m2\repository\com\fasterxml\classmate\1.7.0\classmate-1.7.0.jar;C:\Users\User\.m2\repository\net\bytebuddy\byte-buddy\1.15.11\byte-buddy-1.15.11.jar;C:\Users\User\.m2\repository\org\glassfish\jaxb\jaxb-runtime\4.0.5\jaxb-runtime-4.0.5.jar;C:\Users\User\.m2\repository\org\glassfish\jaxb\jaxb-core\4.0.5\jaxb-core-4.0.5.jar;C:\Users\User\.m2\repository\org\eclipse\angus\angus-activation\2.0.2\angus-activation-2.0.2.jar;C:\Users\User\.m2\repository\org\glassfish\jaxb\txw2\4.0.5\txw2-4.0.5.jar;C:\Users\User\.m2\repository\com\sun\istack\istack-commons-runtime\4.1.2\istack-commons-runtime-4.1.2.jar;C:\Users\User\.m2\repository\jakarta\inject\jakarta.inject-api\2.0.1\jakarta.inject-api-2.0.1.jar;C:\Users\User\.m2\repository\org\antlr\antlr4-runtime\4.13.0\antlr4-runtime-4.13.0.jar;C:\Users\User\.m2\repository\org\springframework\data\spring-data-jpa\3.4.4\spring-data-jpa-3.4.4.jar;C:\Users\User\.m2\repository\org\springframework\data\spring-data-commons\3.4.4\spring-data-commons-3.4.4.jar;C:\Users\User\.m2\repository\org\springframework\spring-orm\6.2.5\spring-orm-6.2.5.jar;C:\Users\User\.m2\repository\org\springframework\spring-context\6.2.5\spring-context-6.2.5.jar;C:\Users\User\.m2\repository\org\springframework\spring-aop\6.2.5\spring-aop-6.2.5.jar;C:\Users\User\.m2\repository\org\springframework\spring-tx\6.2.5\spring-tx-6.2.5.jar;C:\Users\User\.m2\repository\org\springframework\spring-beans\6.2.5\spring-beans-6.2.5.jar;C:\Users\User\.m2\repository\org\slf4j\slf4j-api\2.0.17\slf4j-api-2.0.17.jar;C:\Users\User\.m2\repository\org\springframework\spring-aspects\6.2.5\spring-aspects-6.2.5.jar;C:\Users\User\.m2\repository\org\aspectj\aspectjweaver\1.9.23\aspectjweaver-1.9.23.jar;C:\Users\User\.m2\repository\org\springframework\boot\spring-boot-starter-web\3.4.4\spring-boot-starter-web-3.4.4.jar;C:\Users\User\.m2\repository\org\springframework\boot\spring-boot-starter-json\3.4.4\spring-boot-starter-json-3.4.4.jar;C:\Users\User\.m2\repository\com\fasterxml\jackson\core\jackson-databind\2.18.3\jackson-databind-2.18.3.jar;C:\Users\User\.m2\repository\com\fasterxml\jackson\core\jackson-annotations\2.18.3\jackson-annotations-2.18.3.jar;C:\Users\User\.m2\repository\com\fasterxml\jackson\core\jackson-core\2.18.3\jackson-core-2.18.3.jar;C:\Users\User\.m2\repository\com\fasterxml\jackson\datatype\jackson-datatype-jdk8\2.18.3\jackson-datatype-jdk8-2.18.3.jar;C:\Users\User\.m2\repository\com\fasterxml\jackson\datatype\jackson-datatype-jsr310\2.18.3\jackson-datatype-jsr310-2.18.3.jar;C:\Users\User\.m2\repository\com\fasterxml\jackson\module\jackson-module-parameter-names\2.18.3\jackson-module-parameter-names-2.18.3.jar;C:\Users\User\.m2\repository\org\springframework\boot\spring-boot-starter-tomcat\3.4.4\spring-boot-starter-tomcat-3.4.4.jar;C:\Users\User\.m2\repository\org\apache\tomcat\embed\tomcat-embed-core\10.1.39\tomcat-embed-core-10.1.39.jar;C:\Users\User\.m2\repository\org\apache\tomcat\embed\tomcat-embed-el\10.1.39\tomcat-embed-el-10.1.39.jar;C:\Users\User\.m2\repository\org\apache\tomcat\embed\tomcat-embed-websocket\10.1.39\tomcat-embed-websocket-10.1.39.jar;C:\Users\User\.m2\repository\org\springframework\spring-web\6.2.5\spring-web-6.2.5.jar;C:\Users\User\.m2\repository\io\micrometer\micrometer-observation\1.14.5\micrometer-observation-1.14.5.jar;C:\Users\User\.m2\repository\io\micrometer\micrometer-commons\1.14.5\micrometer-commons-1.14.5.jar;C:\Users\User\.m2\repository\org\springframework\spring-webmvc\6.2.5\spring-webmvc-6.2.5.jar;C:\Users\User\.m2\repository\org\springframework\spring-expression\6.2.5\spring-expression-6.2.5.jar;C:\Users\User\.m2\repository\com\mysql\mysql-connector-j\9.1.0\mysql-connector-j-9.1.0.jar;C:\Users\User\.m2\repository\org\projectlombok\lombok\1.18.36\lombok-1.18.36.jar;C:\Users\User\.m2\repository\jakarta\xml\bind\jakarta.xml.bind-api\4.0.2\jakarta.xml.bind-api-4.0.2.jar;C:\Users\User\.m2\repository\jakarta\activation\jakarta.activation-api\2.1.3\jakarta.activation-api-2.1.3.jar;C:\Users\User\.m2\repository\org\springframework\spring-core\6.2.5\spring-core-6.2.5.jar;C:\Users\User\.m2\repository\org\springframework\spring-jcl\6.2.5\spring-jcl-6.2.5.jar;C:\Users\User\.m2\repository\org\openjfx\javafx-controls\23.0.1\javafx-controls-23.0.1.jar;C:\Users\User\.m2\repository\org\openjfx\javafx-controls\23.0.1\javafx-controls-23.0.1-win.jar;C:\Users\User\.m2\repository\org\openjfx\javafx-graphics\23.0.1\javafx-graphics-23.0.1.jar;C:\Users\User\.m2\repository\org\openjfx\javafx-graphics\23.0.1\javafx-graphics-23.0.1-win.jar;C:\Users\User\.m2\repository\org\openjfx\javafx-base\23.0.1\javafx-base-23.0.1.jar;C:\Users\User\.m2\repository\org\openjfx\javafx-base\23.0.1\javafx-base-23.0.1-win.jar;C:\Users\User\.m2\repository\org\openjfx\javafx-fxml\23.0.1\javafx-fxml-23.0.1.jar;C:\Users\User\.m2\repository\org\openjfx\javafx-fxml\23.0.1\javafx-fxml-23.0.1-win.jar;C:\Users\User\.m2\repository\com\google\code\gson\gson\2.10.1\gson-2.10.1.jar
Launcher Type: SUN_STANDARD

[Global flags]
     intx CICompilerCount                          = 3                                         {product} {ergonomic}
     uint ConcGCThreads                            = 1                                         {product} {ergonomic}
     uint G1ConcRefinementThreads                  = 4                                         {product} {ergonomic}
   size_t G1HeapRegionSize                         = 1048576                                   {product} {ergonomic}
   size_t InitialHeapSize                          = 130023424                                 {product} {ergonomic}
   size_t MarkStackSize                            = 4194304                                   {product} {ergonomic}
   size_t MarkStackSizeMax                         = 536870912                                 {product} {ergonomic}
   size_t MaxHeapSize                              = 2067791872                                {product} {ergonomic}
   size_t MaxNewSize                               = 1240465408                                {product} {ergonomic}
   size_t MinHeapDeltaBytes                        = 1048576                                   {product} {ergonomic}
   size_t MinHeapSize                              = 8388608                                   {product} {ergonomic}
    uintx NonNMethodCodeHeapSize                   = 5832704                                {pd product} {ergonomic}
    uintx NonProfiledCodeHeapSize                  = 122945536                              {pd product} {ergonomic}
    uintx ProfiledCodeHeapSize                     = 122880000                              {pd product} {ergonomic}
    uintx ReservedCodeCacheSize                    = 251658240                              {pd product} {ergonomic}
     bool SegmentedCodeCache                       = true                                      {product} {ergonomic}
   size_t SoftMaxHeapSize                          = 2067791872                             {manageable} {ergonomic}
     bool UseCompressedOops                        = true                           {product lp64_product} {ergonomic}
     bool UseG1GC                                  = true                                      {product} {ergonomic}
     bool UseLargePagesIndividualAllocation        = false                                  {pd product} {ergonomic}

Logging:
Log output configuration:
 #0: stdout all=warning uptime,level,tags foldmultilines=false
 #1: stderr all=off uptime,level,tags foldmultilines=false

Environment Variables:
PATH=C:\Program Files (x86)\Common Files\Intel\Shared Libraries\redist\intel64\compiler;C:\Program Files\Common Files\Oracle\Java\javapath;C:\WINDOWS\system32;C:\WINDOWS;C:\WINDOWS\System32\Wbem;C:\WINDOWS\System32\WindowsPowerShell\v1.0\;C:\WINDOWS\System32\OpenSSH\;C:\Program Files\nodejs\;C:\Program Files\Git\cmd;C:\Program Files\Microsoft SQL Server\150\Tools\Binn\;C:\Program Files (x86)\Windows Kits\10\Windows Performance Toolkit\;C:\Program Files\Go\bin;C:\Program Files\dotnet\;D:\Android\platform-tools;D:\flutter\bin;;C:\Program Files\Docker\Docker\resources\bin;C:\Users\User\.cargo\bin;C:\Users\User\.jdks\openjdk-23.0.1\bin;C:\Users\User\AppData\Local\Programs\Python\Python311\Scripts\;C:\Users\User\AppData\Local\Programs\Python\Python311\;C:\Users\User\AppData\Local\Microsoft\WindowsApps;C:\Users\User\AppData\Local\Programs\Microsoft VS Code\bin;C:\Users\User\AppData\Roaming\npm;C:\Program Files\nodejs;D:\IntelliJ IDEA Community Edition 2024.3.1.1\bin;;C:\flutter\bin;C:\Program Files\Java\jdk-17\bin;D:\IntelliJ IDEA 2024.2.4\bin;;C:\Users\User\go\bin;C:\Users\User\.dotnet\tools;C:\yt-dlp;C:\ffmpeg\ffmpeg-7.1-essentials_build\bin;C:\Program Files\apache-maven-3.9.9\bin;D:\flutter\bin;D:\Android\cmdline-tools\latest\bin;D:\Android\emulator;D:\bin;F:\mingw64\bin;F:\WebStorm 2024.3.3\bin;;
USERNAME=IRFAN
OS=Windows_NT
PROCESSOR_IDENTIFIER=Intel64 Family 6 Model 140 Stepping 1, GenuineIntel
TMP=C:\Users\User\AppData\Local\Temp
TEMP=C:\Users\User\AppData\Local\Temp




Periodic native trim disabled

---------------  S Y S T E M  ---------------

OS:
 Windows 11 , 64 bit Build 26100 (10.0.26100.3775)
OS uptime: 0 days 5:59 hours
Hyper-V role detected

CPU: total 4 (initial active 4) (2 cores per cpu, 2 threads per core) family 6 model 140 stepping 1 microcode 0xb6, cx8, cmov, fxsr, ht, mmx, 3dnowpref, sse, sse2, sse3, ssse3, sse4.1, sse4.2, popcnt, lzcnt, tsc, tscinvbit, avx, avx2, aes, erms, clmul, bmi1, bmi2, adx, avx512f, avx512dq, avx512cd, avx512bw, avx512vl, sha, fma, vzeroupper, avx512_vpopcntdq, avx512_vpclmulqdq, avx512_vaes, avx512_vnni, clflush, clflushopt, clwb, avx512_vbmi2, avx512_vbmi, hv, rdtscp, rdpid, fsrm, gfni, avx512_bitalg, f16c, cet_ibt, cet_ss, avx512_ifma
Processor Information for the first 4 processors :
  Max Mhz: 2995, Current Mhz: 2995, Mhz Limit: 2995

Memory: 4k page, system-wide physical 7886M (777M free)
TotalPageFile size 16078M (AvailPageFile size 0M)
current process WorkingSet (physical memory assigned to process): 242M, peak: 252M
current process commit charge ("private bytes"): 326M, peak: 336M

vm_info: OpenJDK 64-Bit Server VM (23.0.1+11-39) for windows-amd64 JRE (23.0.1+11-39), built on 2024-09-30T07:20:43Z with MS VC++ 17.6 (VS2022)

END.
